2021-07-05 21:53:19 [INFO    ] (autoreload.run_with_reloader) Watching for file changes with StatReloader
2021-07-05 21:53:19 [INFO    ] (autoreload.run_with_reloader) Watching for file changes with StatReloader
2021-07-05 21:53:35 [INFO    ] (views.getVideosAuto) added 3 videos in db
2021-07-05 21:53:35 [INFO    ] (basehttp.log_message) "GET /dumpData HTTP/1.1" 200 146
2021-07-05 21:53:35 [INFO    ] (basehttp.log_message) "GET /dumpData HTTP/1.1" 200 146
2021-07-05 21:57:21 [INFO    ] (views.getVideosAuto) added 3 videos in db
2021-07-05 21:57:21 [INFO    ] (basehttp.log_message) "GET /dumpData HTTP/1.1" 200 146
2021-07-05 21:57:21 [INFO    ] (basehttp.log_message) "GET /dumpData HTTP/1.1" 200 146
2021-07-05 22:01:19 [INFO    ] (autoreload.trigger_reload) C:\Users\Pankaj Goyal\projects\project1\youtubeSearch\youtubeSearch\settings.py changed, reloading.
2021-07-05 22:01:19 [INFO    ] (autoreload.trigger_reload) C:\Users\Pankaj Goyal\projects\project1\youtubeSearch\youtubeSearch\settings.py changed, reloading.
2021-07-05 22:01:22 [INFO    ] (autoreload.run_with_reloader) Watching for file changes with StatReloader
2021-07-05 22:01:22 [INFO    ] (autoreload.run_with_reloader) Watching for file changes with StatReloader
2021-07-05 22:06:16 [INFO    ] (autoreload.trigger_reload) C:\Users\Pankaj Goyal\projects\project1\youtubeSearch\youtubeSearch\settings.py changed, reloading.
2021-07-05 22:06:16 [INFO    ] (autoreload.trigger_reload) C:\Users\Pankaj Goyal\projects\project1\youtubeSearch\youtubeSearch\settings.py changed, reloading.
2021-07-05 22:06:19 [INFO    ] (autoreload.run_with_reloader) Watching for file changes with StatReloader
2021-07-05 22:06:19 [INFO    ] (autoreload.run_with_reloader) Watching for file changes with StatReloader
2021-07-05 22:26:58 [INFO    ] (autoreload.trigger_reload) C:\Users\Pankaj Goyal\projects\project1\youtubeSearch\youtubeSearch\settings.py changed, reloading.
2021-07-05 22:26:58 [INFO    ] (autoreload.trigger_reload) C:\Users\Pankaj Goyal\projects\project1\youtubeSearch\youtubeSearch\settings.py changed, reloading.
2021-07-05 22:27:01 [INFO    ] (autoreload.run_with_reloader) Watching for file changes with StatReloader
2021-07-05 22:27:01 [INFO    ] (autoreload.run_with_reloader) Watching for file changes with StatReloader
2021-07-05 22:44:17 [INFO    ] (autoreload.trigger_reload) C:\Users\Pankaj Goyal\projects\project1\youtubeSearch\youtubeSearch\celery.py changed, reloading.
2021-07-05 22:44:17 [INFO    ] (autoreload.trigger_reload) C:\Users\Pankaj Goyal\projects\project1\youtubeSearch\youtubeSearch\celery.py changed, reloading.
2021-07-05 22:44:20 [INFO    ] (autoreload.run_with_reloader) Watching for file changes with StatReloader
2021-07-05 22:44:20 [INFO    ] (autoreload.run_with_reloader) Watching for file changes with StatReloader
2021-07-05 22:44:28 [ERROR   ] (signal.send) Signal handler <promise@0x23ddeb09dc0 --> <bound method Celery._autodiscover_tasks of <Celery sched at 0x23dde6166d0>>> raised: AttributeError("'Settings' object has no attribute 'INSTALLED_APP'")
Traceback (most recent call last):
  File "c:\users\pankaj goyal\projects\test\lib\site-packages\celery\utils\dispatch\signal.py", line 276, in send
    response = receiver(signal=self, sender=sender, **named)
  File "c:\users\pankaj goyal\projects\test\lib\site-packages\vine\promises.py", line 160, in __call__
    return self.throw()
  File "c:\users\pankaj goyal\projects\test\lib\site-packages\vine\promises.py", line 157, in __call__
    retval = fun(*final_args, **final_kwargs)
  File "c:\users\pankaj goyal\projects\test\lib\site-packages\celery\app\base.py", line 688, in _autodiscover_tasks
    return self._autodiscover_tasks_from_names(packages, related_name)
  File "c:\users\pankaj goyal\projects\test\lib\site-packages\celery\app\base.py", line 694, in _autodiscover_tasks_from_names
    packages() if callable(packages) else packages, related_name,
  File "C:\Users\Pankaj Goyal\projects\project1\youtubeSearch\youtubeSearch\celery.py", line 23, in <lambda>
    app.autodiscover_tasks(lambda: settings.INSTALLED_APP)
  File "c:\users\pankaj goyal\projects\test\lib\site-packages\django\conf\__init__.py", line 83, in __getattr__
    val = getattr(self._wrapped, name)
AttributeError: 'Settings' object has no attribute 'INSTALLED_APP'
2021-07-05 22:44:52 [INFO    ] (autoreload.trigger_reload) C:\Users\Pankaj Goyal\projects\project1\youtubeSearch\youtubeSearch\celery.py changed, reloading.
2021-07-05 22:44:52 [INFO    ] (autoreload.trigger_reload) C:\Users\Pankaj Goyal\projects\project1\youtubeSearch\youtubeSearch\celery.py changed, reloading.
2021-07-05 22:44:55 [INFO    ] (autoreload.run_with_reloader) Watching for file changes with StatReloader
2021-07-05 22:44:55 [INFO    ] (autoreload.run_with_reloader) Watching for file changes with StatReloader
2021-07-05 22:44:57 [ERROR   ] (signal.send) Signal handler <promise@0x22251429dc0 --> <bound method Celery._autodiscover_tasks of <Celery sched at 0x22250f366d0>>> raised: AttributeError("'Settings' object has no attribute 'INSTALLED_APPs'")
Traceback (most recent call last):
  File "c:\users\pankaj goyal\projects\test\lib\site-packages\celery\utils\dispatch\signal.py", line 276, in send
    response = receiver(signal=self, sender=sender, **named)
  File "c:\users\pankaj goyal\projects\test\lib\site-packages\vine\promises.py", line 160, in __call__
    return self.throw()
  File "c:\users\pankaj goyal\projects\test\lib\site-packages\vine\promises.py", line 157, in __call__
    retval = fun(*final_args, **final_kwargs)
  File "c:\users\pankaj goyal\projects\test\lib\site-packages\celery\app\base.py", line 688, in _autodiscover_tasks
    return self._autodiscover_tasks_from_names(packages, related_name)
  File "c:\users\pankaj goyal\projects\test\lib\site-packages\celery\app\base.py", line 694, in _autodiscover_tasks_from_names
    packages() if callable(packages) else packages, related_name,
  File "C:\Users\Pankaj Goyal\projects\project1\youtubeSearch\youtubeSearch\celery.py", line 23, in <lambda>
    app.autodiscover_tasks(lambda: settings.INSTALLED_APPs)
  File "c:\users\pankaj goyal\projects\test\lib\site-packages\django\conf\__init__.py", line 83, in __getattr__
    val = getattr(self._wrapped, name)
AttributeError: 'Settings' object has no attribute 'INSTALLED_APPs'
2021-07-05 22:45:03 [INFO    ] (autoreload.trigger_reload) C:\Users\Pankaj Goyal\projects\project1\youtubeSearch\youtubeSearch\celery.py changed, reloading.
2021-07-05 22:45:03 [INFO    ] (autoreload.trigger_reload) C:\Users\Pankaj Goyal\projects\project1\youtubeSearch\youtubeSearch\celery.py changed, reloading.
2021-07-05 22:45:06 [INFO    ] (autoreload.run_with_reloader) Watching for file changes with StatReloader
2021-07-05 22:45:06 [INFO    ] (autoreload.run_with_reloader) Watching for file changes with StatReloader
2021-07-05 22:51:37 [INFO    ] (autoreload.trigger_reload) C:\Users\Pankaj Goyal\projects\project1\youtubeSearch\youtubeSearch\celery.py changed, reloading.
2021-07-05 22:51:37 [INFO    ] (autoreload.trigger_reload) C:\Users\Pankaj Goyal\projects\project1\youtubeSearch\youtubeSearch\celery.py changed, reloading.
2021-07-05 22:51:41 [INFO    ] (autoreload.run_with_reloader) Watching for file changes with StatReloader
2021-07-05 22:51:41 [INFO    ] (autoreload.run_with_reloader) Watching for file changes with StatReloader
2021-07-05 22:52:03 [INFO    ] (autoreload.trigger_reload) C:\Users\Pankaj Goyal\projects\project1\youtubeSearch\youtubeSearch\celery.py changed, reloading.
2021-07-05 22:52:03 [INFO    ] (autoreload.trigger_reload) C:\Users\Pankaj Goyal\projects\project1\youtubeSearch\youtubeSearch\celery.py changed, reloading.
2021-07-05 22:52:06 [INFO    ] (autoreload.run_with_reloader) Watching for file changes with StatReloader
2021-07-05 22:52:06 [INFO    ] (autoreload.run_with_reloader) Watching for file changes with StatReloader
2021-07-05 22:53:45 [INFO    ] (autoreload.trigger_reload) C:\Users\Pankaj Goyal\projects\project1\youtubeSearch\youtubeSearch\celery.py changed, reloading.
2021-07-05 22:53:45 [INFO    ] (autoreload.trigger_reload) C:\Users\Pankaj Goyal\projects\project1\youtubeSearch\youtubeSearch\celery.py changed, reloading.
2021-07-05 22:53:48 [INFO    ] (autoreload.run_with_reloader) Watching for file changes with StatReloader
2021-07-05 22:53:48 [INFO    ] (autoreload.run_with_reloader) Watching for file changes with StatReloader
2021-07-05 22:54:02 [INFO    ] (autoreload.trigger_reload) C:\Users\Pankaj Goyal\projects\project1\youtubeSearch\youtubeSearch\celery.py changed, reloading.
2021-07-05 22:54:02 [INFO    ] (autoreload.trigger_reload) C:\Users\Pankaj Goyal\projects\project1\youtubeSearch\youtubeSearch\celery.py changed, reloading.
2021-07-05 22:54:05 [INFO    ] (autoreload.run_with_reloader) Watching for file changes with StatReloader
2021-07-05 22:54:05 [INFO    ] (autoreload.run_with_reloader) Watching for file changes with StatReloader
2021-07-05 22:54:41 [INFO    ] (autoreload.trigger_reload) C:\Users\Pankaj Goyal\projects\project1\youtubeSearch\youtubeSearch\celery.py changed, reloading.
2021-07-05 22:54:41 [INFO    ] (autoreload.trigger_reload) C:\Users\Pankaj Goyal\projects\project1\youtubeSearch\youtubeSearch\celery.py changed, reloading.
2021-07-05 22:54:43 [INFO    ] (autoreload.run_with_reloader) Watching for file changes with StatReloader
2021-07-05 22:54:43 [INFO    ] (autoreload.run_with_reloader) Watching for file changes with StatReloader
2021-07-05 22:55:03 [INFO    ] (autoreload.trigger_reload) C:\Users\Pankaj Goyal\projects\project1\youtubeSearch\youtubeSearch\celery.py changed, reloading.
2021-07-05 22:55:03 [INFO    ] (autoreload.trigger_reload) C:\Users\Pankaj Goyal\projects\project1\youtubeSearch\youtubeSearch\celery.py changed, reloading.
2021-07-05 22:55:06 [INFO    ] (autoreload.run_with_reloader) Watching for file changes with StatReloader
2021-07-05 22:55:06 [INFO    ] (autoreload.run_with_reloader) Watching for file changes with StatReloader
2021-07-05 22:59:30 [INFO    ] (autoreload.run_with_reloader) Watching for file changes with StatReloader
2021-07-05 22:59:30 [INFO    ] (autoreload.run_with_reloader) Watching for file changes with StatReloader
2021-07-05 23:00:35 [INFO    ] (autoreload.trigger_reload) C:\Users\Pankaj Goyal\projects\project1\youtubeSearch\youtubeSearch\settings.py changed, reloading.
2021-07-05 23:00:35 [INFO    ] (autoreload.trigger_reload) C:\Users\Pankaj Goyal\projects\project1\youtubeSearch\youtubeSearch\settings.py changed, reloading.
2021-07-05 23:00:37 [INFO    ] (autoreload.run_with_reloader) Watching for file changes with StatReloader
2021-07-05 23:00:37 [INFO    ] (autoreload.run_with_reloader) Watching for file changes with StatReloader
2021-07-05 23:01:46 [INFO    ] (autoreload.trigger_reload) C:\Users\Pankaj Goyal\projects\project1\youtubeSearch\youtubeSearch\settings.py changed, reloading.
2021-07-05 23:01:46 [INFO    ] (autoreload.trigger_reload) C:\Users\Pankaj Goyal\projects\project1\youtubeSearch\youtubeSearch\settings.py changed, reloading.
2021-07-05 23:01:49 [INFO    ] (autoreload.run_with_reloader) Watching for file changes with StatReloader
2021-07-05 23:01:49 [INFO    ] (autoreload.run_with_reloader) Watching for file changes with StatReloader
2021-07-05 23:02:16 [INFO    ] (autoreload.trigger_reload) C:\Users\Pankaj Goyal\projects\project1\youtubeSearch\youtubeSearch\settings.py changed, reloading.
2021-07-05 23:02:16 [INFO    ] (autoreload.trigger_reload) C:\Users\Pankaj Goyal\projects\project1\youtubeSearch\youtubeSearch\settings.py changed, reloading.
2021-07-05 23:02:19 [INFO    ] (autoreload.run_with_reloader) Watching for file changes with StatReloader
2021-07-05 23:02:19 [INFO    ] (autoreload.run_with_reloader) Watching for file changes with StatReloader
2021-07-05 23:04:30 [INFO    ] (autoreload.trigger_reload) C:\Users\Pankaj Goyal\projects\project1\youtubeSearch\youtubeSearch\settings.py changed, reloading.
2021-07-05 23:04:30 [INFO    ] (autoreload.trigger_reload) C:\Users\Pankaj Goyal\projects\project1\youtubeSearch\youtubeSearch\settings.py changed, reloading.
2021-07-05 23:04:33 [INFO    ] (autoreload.run_with_reloader) Watching for file changes with StatReloader
2021-07-05 23:04:33 [INFO    ] (autoreload.run_with_reloader) Watching for file changes with StatReloader
2021-07-05 23:04:46 [INFO    ] (autoreload.trigger_reload) C:\Users\Pankaj Goyal\projects\project1\youtubeSearch\youtubeSearch\settings.py changed, reloading.
2021-07-05 23:04:46 [INFO    ] (autoreload.trigger_reload) C:\Users\Pankaj Goyal\projects\project1\youtubeSearch\youtubeSearch\settings.py changed, reloading.
2021-07-05 23:04:49 [INFO    ] (autoreload.run_with_reloader) Watching for file changes with StatReloader
2021-07-05 23:04:49 [INFO    ] (autoreload.run_with_reloader) Watching for file changes with StatReloader
2021-07-05 23:08:12 [INFO    ] (autoreload.trigger_reload) C:\Users\Pankaj Goyal\projects\project1\youtubeSearch\youtubeSearch\settings.py changed, reloading.
2021-07-05 23:08:12 [INFO    ] (autoreload.trigger_reload) C:\Users\Pankaj Goyal\projects\project1\youtubeSearch\youtubeSearch\settings.py changed, reloading.
2021-07-05 23:08:14 [INFO    ] (autoreload.run_with_reloader) Watching for file changes with StatReloader
2021-07-05 23:08:14 [INFO    ] (autoreload.run_with_reloader) Watching for file changes with StatReloader
2021-07-05 23:12:50 [INFO    ] (autoreload.trigger_reload) C:\Users\Pankaj Goyal\projects\project1\youtubeSearch\search\__init__.py changed, reloading.
2021-07-05 23:12:50 [INFO    ] (autoreload.trigger_reload) C:\Users\Pankaj Goyal\projects\project1\youtubeSearch\search\__init__.py changed, reloading.
2021-07-05 23:12:52 [INFO    ] (autoreload.run_with_reloader) Watching for file changes with StatReloader
2021-07-05 23:12:52 [INFO    ] (autoreload.run_with_reloader) Watching for file changes with StatReloader
2021-07-05 23:14:06 [INFO    ] (autoreload.trigger_reload) C:\Users\Pankaj Goyal\projects\project1\youtubeSearch\youtubeSearch\settings.py changed, reloading.
2021-07-05 23:14:06 [INFO    ] (autoreload.trigger_reload) C:\Users\Pankaj Goyal\projects\project1\youtubeSearch\youtubeSearch\settings.py changed, reloading.
2021-07-05 23:14:09 [INFO    ] (autoreload.run_with_reloader) Watching for file changes with StatReloader
2021-07-05 23:14:09 [INFO    ] (autoreload.run_with_reloader) Watching for file changes with StatReloader
2021-07-05 23:14:59 [INFO    ] (autoreload.trigger_reload) C:\Users\Pankaj Goyal\projects\project1\youtubeSearch\youtubeSearch\celery.py changed, reloading.
2021-07-05 23:14:59 [INFO    ] (autoreload.trigger_reload) C:\Users\Pankaj Goyal\projects\project1\youtubeSearch\youtubeSearch\celery.py changed, reloading.
2021-07-05 23:15:02 [INFO    ] (autoreload.run_with_reloader) Watching for file changes with StatReloader
2021-07-05 23:15:02 [INFO    ] (autoreload.run_with_reloader) Watching for file changes with StatReloader
2021-07-05 23:18:27 [INFO    ] (autoreload.trigger_reload) C:\Users\Pankaj Goyal\projects\project1\youtubeSearch\youtubeSearch\celery.py changed, reloading.
2021-07-05 23:18:27 [INFO    ] (autoreload.trigger_reload) C:\Users\Pankaj Goyal\projects\project1\youtubeSearch\youtubeSearch\celery.py changed, reloading.
2021-07-05 23:18:30 [INFO    ] (autoreload.run_with_reloader) Watching for file changes with StatReloader
2021-07-05 23:18:30 [INFO    ] (autoreload.run_with_reloader) Watching for file changes with StatReloader
2021-07-05 23:19:03 [INFO    ] (autoreload.trigger_reload) C:\Users\Pankaj Goyal\projects\project1\youtubeSearch\youtubeSearch\settings.py changed, reloading.
2021-07-05 23:19:03 [INFO    ] (autoreload.trigger_reload) C:\Users\Pankaj Goyal\projects\project1\youtubeSearch\youtubeSearch\settings.py changed, reloading.
2021-07-05 23:19:06 [INFO    ] (autoreload.run_with_reloader) Watching for file changes with StatReloader
2021-07-05 23:19:06 [INFO    ] (autoreload.run_with_reloader) Watching for file changes with StatReloader
2021-07-05 23:22:48 [INFO    ] (autoreload.trigger_reload) C:\Users\Pankaj Goyal\projects\project1\youtubeSearch\youtubeSearch\settings.py changed, reloading.
2021-07-05 23:22:48 [INFO    ] (autoreload.trigger_reload) C:\Users\Pankaj Goyal\projects\project1\youtubeSearch\youtubeSearch\settings.py changed, reloading.
2021-07-05 23:22:51 [INFO    ] (autoreload.run_with_reloader) Watching for file changes with StatReloader
2021-07-05 23:22:51 [INFO    ] (autoreload.run_with_reloader) Watching for file changes with StatReloader
2021-07-06 21:54:17 [INFO    ] (autoreload.run_with_reloader) Watching for file changes with StatReloader
2021-07-06 21:54:17 [INFO    ] (autoreload.run_with_reloader) Watching for file changes with StatReloader
2021-07-06 21:57:16 [INFO    ] (autoreload.trigger_reload) C:\Users\Pankaj Goyal\projects\project1\youtubeSearch\youtubeSearch\settings.py changed, reloading.
2021-07-06 21:57:16 [INFO    ] (autoreload.trigger_reload) C:\Users\Pankaj Goyal\projects\project1\youtubeSearch\youtubeSearch\settings.py changed, reloading.
